Reserve Words:
print
input
end
read
goto
for
if
then
step
rem
to
next
or
and



Action Explanations:
1	Load character and continue
2	Compare with table of reserved words, print token, reinitialize token
3	Print token, reinitialize token
4	Print token, write "Improper usage", print character, reinitialize token
5	Write "Improper usage", print character
6	Continue
7	Write "Illegal character", print character
8	Compare with table of reserved words, print token, reinitialize token, load char
9	Print token, reinitialize token, load character
10	Load character, change state to variable, print token, reinitialize token
11	Compare with table of reserved words, print token, write "Illegal character", print char
12	Load character, print token, reinitialize token
13	Print token, write "Illegal Character", print character, reinitialize token



State Table
               Letter         Digit          Period         Delimeter      Blank          % or $         EOLN           Illegal        
---------------------------------------------------------------------------------------------------------------------------------------
New Token     Reserved Word  Integer        New Token      Delimiter      New Token      New Token      New Token      New Token      
Reserved Word Reserved Word  Variable       New Token      Delimiter      New Token      New Token      New Token      New Token      
Variable      Variable       Variable       New Token      Delimiter      New Token      New Token      New Token      New Token      
Integer       Reserved Word  Integer        Real           Delimiter      New Token      New Token      New Token      New Token      
Real          Reserved Word  Real           New Token      Delimiter      New Token      New Token      New Token      New Token      
Delimeter     Reserved Word  Integer        New Token      New Token      New Token      New Token      New Token      New Token      


Action Table
               Letter         Digit          Period         Delimeter      Blank          % or $         EOLN           Illegal        
---------------------------------------------------------------------------------------------------------------------------------------
New Token     1              1              5              1              6              5              6              7              
Reserved Word 1              1              4              8              2              10             2              11             
Variable      1              1              4              9              3              12             3              13             
Integer       9              1              1              9              3              4              3              13             
Real          9              1              4              9              3              4              3              13             
Delimeter     9              9              4              12             3              4              3              13             